2016/12/21 11:44:48 [error] [system.db.CDbCommand] CDbCommand::fetchAll() failed: SQLSTATE[42S02]: Base table or view not found: 1146 Table 'newblog.tbl_migration' doesn't exist. The SQL statement executed was: SHOW FULL COLUMNS FROM `tbl_migration`.
2016/12/21 11:50:36 [error] [exception.ParseError] ParseError: syntax error, unexpected '=', expecting ',' or ')' in /home/sanjay/Projects/newblog/protected/migrations/m161221_060145_post.php:19
Stack trace:
#0 /home/sanjay/Projects/yii/framework/cli/commands/MigrateCommand.php(414): MigrateCommand->instantiateMigration('m161221_060145_...')
#1 /home/sanjay/Projects/yii/framework/cli/commands/MigrateCommand.php(109): MigrateCommand->migrateUp('m161221_060145_...')
#2 [internal function]: MigrateCommand->actionUp(Array)
#3 /home/sanjay/Projects/yii/framework/console/CConsoleCommand.php(172): ReflectionMethod->invokeArgs(Object(MigrateCommand), Array)
#4 /home/sanjay/Projects/yii/framework/console/CConsoleCommandRunner.php(71): CConsoleCommand->run(Array)
#5 /home/sanjay/Projects/yii/framework/console/CConsoleApplication.php(92): CConsoleCommandRunner->run(Array)
#6 /home/sanjay/Projects/yii/framework/base/CApplication.php(185): CConsoleApplication->processRequest()
#7 /home/sanjay/Projects/yii/framework/yiic.php(33): CApplication->run()
#8 /home/sanjay/Projects/newblog/protected/yiic.php(7): require_once('/home/sanjay/Pr...')
#9 /home/sanjay/Projects/newblog/protected/yiic(4): require_once('/home/sanjay/Pr...')
#10 {main}
---
2016/12/21 11:52:16 [error] [exception.ParseError] ParseError: syntax error, unexpected '=', expecting ',' or ')' in /home/sanjay/Projects/newblog/protected/migrations/m161221_061510_user.php:19
Stack trace:
#0 /home/sanjay/Projects/yii/framework/cli/commands/MigrateCommand.php(414): MigrateCommand->instantiateMigration('m161221_061510_...')
#1 /home/sanjay/Projects/yii/framework/cli/commands/MigrateCommand.php(109): MigrateCommand->migrateUp('m161221_061510_...')
#2 [internal function]: MigrateCommand->actionUp(Array)
#3 /home/sanjay/Projects/yii/framework/console/CConsoleCommand.php(172): ReflectionMethod->invokeArgs(Object(MigrateCommand), Array)
#4 /home/sanjay/Projects/yii/framework/console/CConsoleCommandRunner.php(71): CConsoleCommand->run(Array)
#5 /home/sanjay/Projects/yii/framework/console/CConsoleApplication.php(92): CConsoleCommandRunner->run(Array)
#6 /home/sanjay/Projects/yii/framework/base/CApplication.php(185): CConsoleApplication->processRequest()
#7 /home/sanjay/Projects/yii/framework/yiic.php(33): CApplication->run()
#8 /home/sanjay/Projects/newblog/protected/yiic.php(7): require_once('/home/sanjay/Pr...')
#9 /home/sanjay/Projects/newblog/protected/yiic(4): require_once('/home/sanjay/Pr...')
#10 {main}
---
